[2017-02-06 02:22:13]	Failed Open file Failed Open file 
[2017-02-06 02:22:13]	Error read file
[2017-02-06 02:22:13]	files/corpus/userDict
[2017-02-06 02:22:13]	Error read file
[2017-02-06 02:22:13]	filse/corpus/pos/mac.txt
[2017-02-06 02:22:13]	Error read file
[2017-02-06 02:22:13]	filse/corpus/pos/iphone.txt
[2017-02-06 02:22:13]	Error read file
[2017-02-06 02:22:13]	filse/corpus/pos/cloth.txt
[2017-02-06 02:23:15]	Failed Open file Failed Open file 
[2017-02-06 02:23:15]	Error read file
[2017-02-06 02:23:15]	files/corpus/userDict
[2017-02-06 02:23:15]	Error read file
[2017-02-06 02:23:15]	filse/corpus/pos/mac.txt
[2017-02-06 02:23:15]	Error read file
[2017-02-06 02:23:15]	filse/corpus/pos/iphone.txt
[2017-02-06 02:23:15]	Error read file
[2017-02-06 02:23:15]	filse/corpus/pos/cloth.txt
[2017-02-06 02:23:46]	Failed Open file Failed Open file 
[2017-02-06 02:23:46]	Error read file
[2017-02-06 02:23:46]	dict/user_dict.txt
[2017-02-06 02:23:46]	Failed Open file Failed Open file 
[2017-02-06 02:23:46]	open file failed with
[2017-02-06 02:23:46]	test/source.txt
[2017-02-06 02:23:46]	Error read file
[2017-02-06 02:23:46]	test/source.txt
[2017-02-06 02:23:46]	Failed Open file test/source.txt
[2017-02-06 02:26:32]	Failed Open file Failed Open file 
[2017-02-06 02:26:32]	Error read file
[2017-02-06 02:26:32]	files/corpus/userDict.txt
[2017-02-06 02:26:32]	Error read file
[2017-02-06 02:26:32]	filse/corpus/pos/mac.txt
[2017-02-06 02:26:32]	Error read file
[2017-02-06 02:26:32]	filse/corpus/pos/iphone.txt
[2017-02-06 02:26:32]	Error read file
[2017-02-06 02:26:32]	filse/corpus/pos/cloth.txt
[2017-02-06 02:26:58]	Failed Open file Failed Open file 
[2017-02-06 02:26:58]	Error read file
[2017-02-06 02:26:58]	files/corpus/userDict.txt
[2017-02-06 03:06:57]	Failed Open file Failed Open file 
[2017-02-06 03:06:57]	Error read file
[2017-02-06 03:06:57]	files/corpus/userDict.txt
